{"__type":"$$EventMessageAudit","id":"ce15c873-5253-48c1-bc10-a38e34c3cf6b","ts":"2025-11-08T12:25:23.165-03:00","eventName":"n8n.audit.user.login.success","message":"n8n.audit.user.login.success","payload":{"userId":"ceaf2981-9f81-4e1d-b3ed-418b58eb675f","_email":"blondet.mr@gmail.com","_firstName":"Moacyr","_lastName":"Blondet","globalRole":"global:owner","authenticationMethod":"email"}}
{"__type":"$$EventMessageConfirm","confirm":"ce15c873-5253-48c1-bc10-a38e34c3cf6b","ts":"2025-11-08T12:25:23.262-03:00","source":{"id":"0","name":"eventBus"}}
{"__type":"$$EventMessageWorkflow","id":"341bf61e-e3e7-483d-b468-b5aeaaa289b5","ts":"2025-11-08T11:06:35.484-05:00","eventName":"n8n.workflow.started","message":"n8n.workflow.started","payload":{"executionId":"239","workflowId":"CRWrDO3NnzCafzTR","isManual":false,"workflowName":"insert_embedding_compare_v1.2.1"}}
{"__type":"$$EventMessageConfirm","confirm":"341bf61e-e3e7-483d-b468-b5aeaaa289b5","ts":"2025-11-08T11:06:35.486-05:00","source":{"id":"0","name":"eventBus"}}
{"__type":"$$EventMessageNode","id":"d5db8b15-e3ff-43e3-9d5d-2bdb0d51ef28","ts":"2025-11-08T11:06:35.496-05:00","eventName":"n8n.node.started","message":"n8n.node.started","payload":{"workflowId":"CRWrDO3NnzCafzTR","workflowName":"insert_embedding_compare_v1.2.1","executionId":"239","nodeType":"n8n-nodes-base.webhook","nodeName":"Receber Arquivo1","nodeId":"bf36d1e9-696c-4413-803d-30d67b7c4794"}}
{"__type":"$$EventMessageConfirm","confirm":"d5db8b15-e3ff-43e3-9d5d-2bdb0d51ef28","ts":"2025-11-08T11:06:35.496-05:00","source":{"id":"0","name":"eventBus"}}
{"__type":"$$EventMessageNode","id":"83df17fa-7ea5-43fc-93a6-e1548b0da4c3","ts":"2025-11-08T11:06:35.503-05:00","eventName":"n8n.node.finished","message":"n8n.node.finished","payload":{"workflowId":"CRWrDO3NnzCafzTR","workflowName":"insert_embedding_compare_v1.2.1","executionId":"239","nodeType":"n8n-nodes-base.webhook","nodeName":"Receber Arquivo1","nodeId":"bf36d1e9-696c-4413-803d-30d67b7c4794"}}
{"__type":"$$EventMessageConfirm","confirm":"83df17fa-7ea5-43fc-93a6-e1548b0da4c3","ts":"2025-11-08T11:06:35.503-05:00","source":{"id":"0","name":"eventBus"}}
{"__type":"$$EventMessageNode","id":"f500a162-af1b-4d77-9855-339cad7bcd06","ts":"2025-11-08T11:06:35.506-05:00","eventName":"n8n.node.started","message":"n8n.node.started","payload":{"workflowId":"CRWrDO3NnzCafzTR","workflowName":"insert_embedding_compare_v1.2.1","executionId":"239","nodeType":"n8n-nodes-base.code","nodeName":"Code","nodeId":"703b4106-c0fa-46cd-b052-0bca9b1feb15"}}
{"__type":"$$EventMessageConfirm","confirm":"f500a162-af1b-4d77-9855-339cad7bcd06","ts":"2025-11-08T11:06:35.507-05:00","source":{"id":"0","name":"eventBus"}}
{"__type":"$$EventMessageNode","id":"0111934e-9dba-4e36-98eb-c5b509ae597e","ts":"2025-11-08T11:06:35.623-05:00","eventName":"n8n.node.finished","message":"n8n.node.finished","payload":{"workflowId":"CRWrDO3NnzCafzTR","workflowName":"insert_embedding_compare_v1.2.1","executionId":"239","nodeType":"n8n-nodes-base.code","nodeName":"Code","nodeId":"703b4106-c0fa-46cd-b052-0bca9b1feb15"}}
{"__type":"$$EventMessageConfirm","confirm":"0111934e-9dba-4e36-98eb-c5b509ae597e","ts":"2025-11-08T11:06:35.623-05:00","source":{"id":"0","name":"eventBus"}}
{"__type":"$$EventMessageWorkflow","id":"9e540f46-0a2c-4bb4-8488-3cd3b72c80a4","ts":"2025-11-08T11:06:35.636-05:00","eventName":"n8n.workflow.failed","message":"n8n.workflow.failed","payload":{"executionId":"239","success":false,"isManual":true,"workflowId":"CRWrDO3NnzCafzTR","workflowName":"insert_embedding_compare_v1.2.1","lastNodeExecuted":"Code","errorNodeType":"n8n-nodes-base.code","errorMessage":"Arquivo não encontrado ou sem nome. [line 3]"}}
{"__type":"$$EventMessageConfirm","confirm":"9e540f46-0a2c-4bb4-8488-3cd3b72c80a4","ts":"2025-11-08T11:06:35.636-05:00","source":{"id":"0","name":"eventBus"}}
{"__type":"$$EventMessageWorkflow","id":"8e50d0c0-b67a-4050-9b09-8443e7668e05","ts":"2025-11-08T11:08:23.434-05:00","eventName":"n8n.workflow.started","message":"n8n.workflow.started","payload":{"executionId":"240","workflowId":"CRWrDO3NnzCafzTR","isManual":false,"workflowName":"insert_embedding_compare_v1.2.1"}}
{"__type":"$$EventMessageConfirm","confirm":"8e50d0c0-b67a-4050-9b09-8443e7668e05","ts":"2025-11-08T11:08:23.434-05:00","source":{"id":"0","name":"eventBus"}}
{"__type":"$$EventMessageNode","id":"fd434473-ebd4-468c-8956-68d42c5d3b9c","ts":"2025-11-08T11:08:23.435-05:00","eventName":"n8n.node.started","message":"n8n.node.started","payload":{"workflowId":"CRWrDO3NnzCafzTR","workflowName":"insert_embedding_compare_v1.2.1","executionId":"240","nodeType":"n8n-nodes-base.webhook","nodeName":"Receber Arquivo1","nodeId":"bf36d1e9-696c-4413-803d-30d67b7c4794"}}
{"__type":"$$EventMessageConfirm","confirm":"fd434473-ebd4-468c-8956-68d42c5d3b9c","ts":"2025-11-08T11:08:23.436-05:00","source":{"id":"0","name":"eventBus"}}
{"__type":"$$EventMessageNode","id":"1808b369-2f04-4f1f-976b-fb17bd4ea3af","ts":"2025-11-08T11:08:23.437-05:00","eventName":"n8n.node.finished","message":"n8n.node.finished","payload":{"workflowId":"CRWrDO3NnzCafzTR","workflowName":"insert_embedding_compare_v1.2.1","executionId":"240","nodeType":"n8n-nodes-base.webhook","nodeName":"Receber Arquivo1","nodeId":"bf36d1e9-696c-4413-803d-30d67b7c4794"}}
{"__type":"$$EventMessageConfirm","confirm":"1808b369-2f04-4f1f-976b-fb17bd4ea3af","ts":"2025-11-08T11:08:23.437-05:00","source":{"id":"0","name":"eventBus"}}
{"__type":"$$EventMessageNode","id":"e9a81b87-ce5c-4d29-b61b-1f718ecf7e32","ts":"2025-11-08T11:08:23.440-05:00","eventName":"n8n.node.started","message":"n8n.node.started","payload":{"workflowId":"CRWrDO3NnzCafzTR","workflowName":"insert_embedding_compare_v1.2.1","executionId":"240","nodeType":"n8n-nodes-base.code","nodeName":"Code","nodeId":"703b4106-c0fa-46cd-b052-0bca9b1feb15"}}
{"__type":"$$EventMessageConfirm","confirm":"e9a81b87-ce5c-4d29-b61b-1f718ecf7e32","ts":"2025-11-08T11:08:23.440-05:00","source":{"id":"0","name":"eventBus"}}
{"__type":"$$EventMessageNode","id":"d98ca2f1-0c81-49ef-93ed-d52ea96393b9","ts":"2025-11-08T11:08:23.458-05:00","eventName":"n8n.node.finished","message":"n8n.node.finished","payload":{"workflowId":"CRWrDO3NnzCafzTR","workflowName":"insert_embedding_compare_v1.2.1","executionId":"240","nodeType":"n8n-nodes-base.code","nodeName":"Code","nodeId":"703b4106-c0fa-46cd-b052-0bca9b1feb15"}}
{"__type":"$$EventMessageConfirm","confirm":"d98ca2f1-0c81-49ef-93ed-d52ea96393b9","ts":"2025-11-08T11:08:23.458-05:00","source":{"id":"0","name":"eventBus"}}
{"__type":"$$EventMessageNode","id":"84e2b488-03a5-484f-bef1-b41452430acc","ts":"2025-11-08T11:08:23.462-05:00","eventName":"n8n.node.started","message":"n8n.node.started","payload":{"workflowId":"CRWrDO3NnzCafzTR","workflowName":"insert_embedding_compare_v1.2.1","executionId":"240","nodeType":"n8n-nodes-base.extractFromFile","nodeName":"Extract from File","nodeId":"d2cacf2b-dd4d-4572-9df5-7be4c3846b0d"}}
{"__type":"$$EventMessageConfirm","confirm":"84e2b488-03a5-484f-bef1-b41452430acc","ts":"2025-11-08T11:08:23.462-05:00","source":{"id":"0","name":"eventBus"}}
{"__type":"$$EventMessageNode","id":"651732e0-6d39-4184-bf72-29aa88756d6b","ts":"2025-11-08T11:08:25.133-05:00","eventName":"n8n.node.finished","message":"n8n.node.finished","payload":{"workflowId":"CRWrDO3NnzCafzTR","workflowName":"insert_embedding_compare_v1.2.1","executionId":"240","nodeType":"n8n-nodes-base.extractFromFile","nodeName":"Extract from File","nodeId":"d2cacf2b-dd4d-4572-9df5-7be4c3846b0d"}}
{"__type":"$$EventMessageConfirm","confirm":"651732e0-6d39-4184-bf72-29aa88756d6b","ts":"2025-11-08T11:08:25.133-05:00","source":{"id":"0","name":"eventBus"}}
{"__type":"$$EventMessageNode","id":"9b2b4e21-b420-41ef-8ad4-41fd4e61dfd1","ts":"2025-11-08T11:08:25.133-05:00","eventName":"n8n.node.started","message":"n8n.node.started","payload":{"workflowId":"CRWrDO3NnzCafzTR","workflowName":"insert_embedding_compare_v1.2.1","executionId":"240","nodeType":"n8n-nodes-base.httpRequest","nodeName":"Gerar Embedding","nodeId":"8157b07c-7f91-44d8-9505-b6bade9b45ec"}}
{"__type":"$$EventMessageConfirm","confirm":"9b2b4e21-b420-41ef-8ad4-41fd4e61dfd1","ts":"2025-11-08T11:08:25.133-05:00","source":{"id":"0","name":"eventBus"}}
{"__type":"$$EventMessageNode","id":"7ad413d7-f55d-4dbe-b5d9-8a3276f51a89","ts":"2025-11-08T11:08:25.623-05:00","eventName":"n8n.node.finished","message":"n8n.node.finished","payload":{"workflowId":"CRWrDO3NnzCafzTR","workflowName":"insert_embedding_compare_v1.2.1","executionId":"240","nodeType":"n8n-nodes-base.httpRequest","nodeName":"Gerar Embedding","nodeId":"8157b07c-7f91-44d8-9505-b6bade9b45ec"}}
{"__type":"$$EventMessageConfirm","confirm":"7ad413d7-f55d-4dbe-b5d9-8a3276f51a89","ts":"2025-11-08T11:08:25.623-05:00","source":{"id":"0","name":"eventBus"}}
{"__type":"$$EventMessageNode","id":"73e7b789-a509-40e6-9a0e-3dcba7b77a47","ts":"2025-11-08T11:08:25.624-05:00","eventName":"n8n.node.started","message":"n8n.node.started","payload":{"workflowId":"CRWrDO3NnzCafzTR","workflowName":"insert_embedding_compare_v1.2.1","executionId":"240","nodeType":"n8n-nodes-base.code","nodeName":"Code1","nodeId":"678da806-df05-4f25-bc2b-5fcfdc04a234"}}
{"__type":"$$EventMessageConfirm","confirm":"73e7b789-a509-40e6-9a0e-3dcba7b77a47","ts":"2025-11-08T11:08:25.624-05:00","source":{"id":"0","name":"eventBus"}}
{"__type":"$$EventMessageNode","id":"266f2e02-dda4-4090-b9de-64d808c0cbfe","ts":"2025-11-08T11:08:25.630-05:00","eventName":"n8n.node.finished","message":"n8n.node.finished","payload":{"workflowId":"CRWrDO3NnzCafzTR","workflowName":"insert_embedding_compare_v1.2.1","executionId":"240","nodeType":"n8n-nodes-base.code","nodeName":"Code1","nodeId":"678da806-df05-4f25-bc2b-5fcfdc04a234"}}
{"__type":"$$EventMessageConfirm","confirm":"266f2e02-dda4-4090-b9de-64d808c0cbfe","ts":"2025-11-08T11:08:25.630-05:00","source":{"id":"0","name":"eventBus"}}
{"__type":"$$EventMessageNode","id":"51df5b2e-b7bf-46dd-9e55-c761a386c359","ts":"2025-11-08T11:08:25.634-05:00","eventName":"n8n.node.started","message":"n8n.node.started","payload":{"workflowId":"CRWrDO3NnzCafzTR","workflowName":"insert_embedding_compare_v1.2.1","executionId":"240","nodeType":"n8n-nodes-base.httpRequest","nodeName":"HTTP Request","nodeId":"7bbaa888-8850-4173-9d2e-f64558be0f85"}}
{"__type":"$$EventMessageConfirm","confirm":"51df5b2e-b7bf-46dd-9e55-c761a386c359","ts":"2025-11-08T11:08:25.634-05:00","source":{"id":"0","name":"eventBus"}}
{"__type":"$$EventMessageNode","id":"381a20d4-49bf-44ed-9f51-434b9f410d68","ts":"2025-11-08T11:08:33.771-05:00","eventName":"n8n.node.finished","message":"n8n.node.finished","payload":{"workflowId":"CRWrDO3NnzCafzTR","workflowName":"insert_embedding_compare_v1.2.1","executionId":"240","nodeType":"n8n-nodes-base.httpRequest","nodeName":"HTTP Request","nodeId":"7bbaa888-8850-4173-9d2e-f64558be0f85"}}
{"__type":"$$EventMessageConfirm","confirm":"381a20d4-49bf-44ed-9f51-434b9f410d68","ts":"2025-11-08T11:08:33.772-05:00","source":{"id":"0","name":"eventBus"}}
{"__type":"$$EventMessageWorkflow","id":"be30a005-e471-4f4f-9b56-74bfbed62036","ts":"2025-11-08T11:08:33.777-05:00","eventName":"n8n.workflow.success","message":"n8n.workflow.success","payload":{"executionId":"240","success":true,"isManual":true,"workflowId":"CRWrDO3NnzCafzTR","workflowName":"insert_embedding_compare_v1.2.1"}}
{"__type":"$$EventMessageConfirm","confirm":"be30a005-e471-4f4f-9b56-74bfbed62036","ts":"2025-11-08T11:08:33.777-05:00","source":{"id":"0","name":"eventBus"}}
