{"__type":"$$EventMessageWorkflow","id":"d0034b29-feb5-40c8-bea7-37261d22fdf4","ts":"2025-09-15T15:50:57.543-04:00","eventName":"n8n.workflow.started","message":"n8n.workflow.started","payload":{"executionId":"236","workflowId":"CRWrDO3NnzCafzTR","isManual":false,"workflowName":"insert_embedding_compare_v1.2.1"}}
{"__type":"$$EventMessageConfirm","confirm":"d0034b29-feb5-40c8-bea7-37261d22fdf4","ts":"2025-09-15T15:50:57.544-04:00","source":{"id":"0","name":"eventBus"}}
{"__type":"$$EventMessageNode","id":"de0e4dba-bffc-4d33-93e0-725e030bb334","ts":"2025-09-15T15:50:57.551-04:00","eventName":"n8n.node.started","message":"n8n.node.started","payload":{"workflowId":"CRWrDO3NnzCafzTR","workflowName":"insert_embedding_compare_v1.2.1","executionId":"236","nodeType":"n8n-nodes-base.webhook","nodeName":"Receber Arquivo1","nodeId":"bf36d1e9-696c-4413-803d-30d67b7c4794"}}
{"__type":"$$EventMessageConfirm","confirm":"de0e4dba-bffc-4d33-93e0-725e030bb334","ts":"2025-09-15T15:50:57.551-04:00","source":{"id":"0","name":"eventBus"}}
{"__type":"$$EventMessageNode","id":"ad302896-76bd-4a07-a980-786b3a240f4c","ts":"2025-09-15T15:50:57.556-04:00","eventName":"n8n.node.finished","message":"n8n.node.finished","payload":{"workflowId":"CRWrDO3NnzCafzTR","workflowName":"insert_embedding_compare_v1.2.1","executionId":"236","nodeType":"n8n-nodes-base.webhook","nodeName":"Receber Arquivo1","nodeId":"bf36d1e9-696c-4413-803d-30d67b7c4794"}}
{"__type":"$$EventMessageConfirm","confirm":"ad302896-76bd-4a07-a980-786b3a240f4c","ts":"2025-09-15T15:50:57.557-04:00","source":{"id":"0","name":"eventBus"}}
{"__type":"$$EventMessageNode","id":"48ace380-1f16-4e73-bfba-a9e75ffdd560","ts":"2025-09-15T15:50:57.559-04:00","eventName":"n8n.node.started","message":"n8n.node.started","payload":{"workflowId":"CRWrDO3NnzCafzTR","workflowName":"insert_embedding_compare_v1.2.1","executionId":"236","nodeType":"n8n-nodes-base.code","nodeName":"Code","nodeId":"703b4106-c0fa-46cd-b052-0bca9b1feb15"}}
{"__type":"$$EventMessageConfirm","confirm":"48ace380-1f16-4e73-bfba-a9e75ffdd560","ts":"2025-09-15T15:50:57.559-04:00","source":{"id":"0","name":"eventBus"}}
{"__type":"$$EventMessageNode","id":"fa53f40f-baff-438e-b127-17844a9c36a7","ts":"2025-09-15T15:50:57.642-04:00","eventName":"n8n.node.finished","message":"n8n.node.finished","payload":{"workflowId":"CRWrDO3NnzCafzTR","workflowName":"insert_embedding_compare_v1.2.1","executionId":"236","nodeType":"n8n-nodes-base.code","nodeName":"Code","nodeId":"703b4106-c0fa-46cd-b052-0bca9b1feb15"}}
{"__type":"$$EventMessageConfirm","confirm":"fa53f40f-baff-438e-b127-17844a9c36a7","ts":"2025-09-15T15:50:57.642-04:00","source":{"id":"0","name":"eventBus"}}
{"__type":"$$EventMessageNode","id":"e9827afa-f711-4bf1-a8ee-506d7e8c35be","ts":"2025-09-15T15:50:57.645-04:00","eventName":"n8n.node.started","message":"n8n.node.started","payload":{"workflowId":"CRWrDO3NnzCafzTR","workflowName":"insert_embedding_compare_v1.2.1","executionId":"236","nodeType":"n8n-nodes-base.extractFromFile","nodeName":"Extract from File","nodeId":"d2cacf2b-dd4d-4572-9df5-7be4c3846b0d"}}
{"__type":"$$EventMessageConfirm","confirm":"e9827afa-f711-4bf1-a8ee-506d7e8c35be","ts":"2025-09-15T15:50:57.645-04:00","source":{"id":"0","name":"eventBus"}}
{"__type":"$$EventMessageNode","id":"c604f3ae-ebcb-496b-b9fb-d88ae2455bd9","ts":"2025-09-15T15:50:59.203-04:00","eventName":"n8n.node.finished","message":"n8n.node.finished","payload":{"workflowId":"CRWrDO3NnzCafzTR","workflowName":"insert_embedding_compare_v1.2.1","executionId":"236","nodeType":"n8n-nodes-base.extractFromFile","nodeName":"Extract from File","nodeId":"d2cacf2b-dd4d-4572-9df5-7be4c3846b0d"}}
{"__type":"$$EventMessageConfirm","confirm":"c604f3ae-ebcb-496b-b9fb-d88ae2455bd9","ts":"2025-09-15T15:50:59.204-04:00","source":{"id":"0","name":"eventBus"}}
{"__type":"$$EventMessageNode","id":"d7af3232-280e-4efc-abdf-9f13018072a8","ts":"2025-09-15T15:50:59.206-04:00","eventName":"n8n.node.started","message":"n8n.node.started","payload":{"workflowId":"CRWrDO3NnzCafzTR","workflowName":"insert_embedding_compare_v1.2.1","executionId":"236","nodeType":"n8n-nodes-base.httpRequest","nodeName":"Gerar Embedding","nodeId":"8157b07c-7f91-44d8-9505-b6bade9b45ec"}}
{"__type":"$$EventMessageConfirm","confirm":"d7af3232-280e-4efc-abdf-9f13018072a8","ts":"2025-09-15T15:50:59.206-04:00","source":{"id":"0","name":"eventBus"}}
{"__type":"$$EventMessageNode","id":"1101f662-4678-4cbc-8098-836fa3985a10","ts":"2025-09-15T15:50:59.648-04:00","eventName":"n8n.node.finished","message":"n8n.node.finished","payload":{"workflowId":"CRWrDO3NnzCafzTR","workflowName":"insert_embedding_compare_v1.2.1","executionId":"236","nodeType":"n8n-nodes-base.httpRequest","nodeName":"Gerar Embedding","nodeId":"8157b07c-7f91-44d8-9505-b6bade9b45ec"}}
{"__type":"$$EventMessageConfirm","confirm":"1101f662-4678-4cbc-8098-836fa3985a10","ts":"2025-09-15T15:50:59.649-04:00","source":{"id":"0","name":"eventBus"}}
{"__type":"$$EventMessageNode","id":"9a35b93f-782b-4448-8bde-6d7b7120dcf7","ts":"2025-09-15T15:50:59.650-04:00","eventName":"n8n.node.started","message":"n8n.node.started","payload":{"workflowId":"CRWrDO3NnzCafzTR","workflowName":"insert_embedding_compare_v1.2.1","executionId":"236","nodeType":"n8n-nodes-base.code","nodeName":"Code1","nodeId":"678da806-df05-4f25-bc2b-5fcfdc04a234"}}
{"__type":"$$EventMessageConfirm","confirm":"9a35b93f-782b-4448-8bde-6d7b7120dcf7","ts":"2025-09-15T15:50:59.650-04:00","source":{"id":"0","name":"eventBus"}}
{"__type":"$$EventMessageNode","id":"b9aec344-6082-41e5-a841-fa36624470a6","ts":"2025-09-15T15:50:59.658-04:00","eventName":"n8n.node.finished","message":"n8n.node.finished","payload":{"workflowId":"CRWrDO3NnzCafzTR","workflowName":"insert_embedding_compare_v1.2.1","executionId":"236","nodeType":"n8n-nodes-base.code","nodeName":"Code1","nodeId":"678da806-df05-4f25-bc2b-5fcfdc04a234"}}
{"__type":"$$EventMessageConfirm","confirm":"b9aec344-6082-41e5-a841-fa36624470a6","ts":"2025-09-15T15:50:59.658-04:00","source":{"id":"0","name":"eventBus"}}
{"__type":"$$EventMessageNode","id":"d9171b49-6aed-423b-8817-8218b76f1ef3","ts":"2025-09-15T15:50:59.660-04:00","eventName":"n8n.node.started","message":"n8n.node.started","payload":{"workflowId":"CRWrDO3NnzCafzTR","workflowName":"insert_embedding_compare_v1.2.1","executionId":"236","nodeType":"n8n-nodes-base.httpRequest","nodeName":"HTTP Request","nodeId":"7bbaa888-8850-4173-9d2e-f64558be0f85"}}
{"__type":"$$EventMessageConfirm","confirm":"d9171b49-6aed-423b-8817-8218b76f1ef3","ts":"2025-09-15T15:50:59.660-04:00","source":{"id":"0","name":"eventBus"}}
{"__type":"$$EventMessageNode","id":"6a7050d9-12c7-4854-a54e-a70b7bccd349","ts":"2025-09-15T15:51:07.742-04:00","eventName":"n8n.node.finished","message":"n8n.node.finished","payload":{"workflowId":"CRWrDO3NnzCafzTR","workflowName":"insert_embedding_compare_v1.2.1","executionId":"236","nodeType":"n8n-nodes-base.httpRequest","nodeName":"HTTP Request","nodeId":"7bbaa888-8850-4173-9d2e-f64558be0f85"}}
{"__type":"$$EventMessageConfirm","confirm":"6a7050d9-12c7-4854-a54e-a70b7bccd349","ts":"2025-09-15T15:51:07.743-04:00","source":{"id":"0","name":"eventBus"}}
{"__type":"$$EventMessageWorkflow","id":"6fd8af16-5a4b-4bf4-9153-3270565662ba","ts":"2025-09-15T15:51:07.761-04:00","eventName":"n8n.workflow.success","message":"n8n.workflow.success","payload":{"executionId":"236","success":true,"isManual":true,"workflowId":"CRWrDO3NnzCafzTR","workflowName":"insert_embedding_compare_v1.2.1"}}
{"__type":"$$EventMessageConfirm","confirm":"6fd8af16-5a4b-4bf4-9153-3270565662ba","ts":"2025-09-15T15:51:07.761-04:00","source":{"id":"0","name":"eventBus"}}
